[debug] [2025-06-02T22:56:21.079Z] ----------------------------------------------------------------------
[debug] [2025-06-02T22:56:21.083Z] Command:       C:\Program Files\nodejs\node.exe C:\Users\chera\AppData\Roaming\npm\node_modules\firebase-tools\lib\bin\firebase.js emulators:start --only functions
[debug] [2025-06-02T22:56:21.084Z] CLI Version:   14.5.1
[debug] [2025-06-02T22:56:21.084Z] Platform:      win32
[debug] [2025-06-02T22:56:21.084Z] Node Version:  v22.14.0
[debug] [2025-06-02T22:56:21.085Z] Time:          Tue Jun 03 2025 01:56:21 GMT+0300 (East Africa Time)
[debug] [2025-06-02T22:56:21.085Z] ----------------------------------------------------------------------
[debug] 
[debug] [2025-06-02T22:56:21.543Z] > command requires scopes: ["email","openid","https://www.googleapis.com/auth/cloudplatformprojects.readonly","https://www.googleapis.com/auth/firebase","https://www.googleapis.com/auth/cloud-platform"]
[debug] [2025-06-02T22:56:21.544Z] > authorizing via signed-in user (cherrefera@gmail.com)
[info] i  emulators: Starting emulators: functions {"metadata":{"emulator":{"name":"hub"},"message":"Starting emulators: functions"}}
[debug] [2025-06-02T22:56:21.555Z] [logging] Logging Emulator only supports listening on one address (127.0.0.1). Not listening on ::1
[debug] [2025-06-02T22:56:21.556Z] assigned listening specs for emulators {"user":{"hub":[{"address":"127.0.0.1","family":"IPv4","port":4400},{"address":"::1","family":"IPv6","port":4400}],"ui":[{"address":"127.0.0.1","family":"IPv4","port":4000},{"address":"::1","family":"IPv6","port":4000}],"logging":[{"address":"127.0.0.1","family":"IPv4","port":4500}]},"metadata":{"message":"assigned listening specs for emulators"}}
[debug] [2025-06-02T22:56:21.560Z] [hub] writing locator at C:\Users\chera\AppData\Local\Temp\hub-clone-1dfe7.json
[debug] [2025-06-02T22:56:21.588Z] [functions] Functions Emulator only supports listening on one address (127.0.0.1). Not listening on ::1
[debug] [2025-06-02T22:56:21.588Z] [eventarc] Eventarc Emulator only supports listening on one address (127.0.0.1). Not listening on ::1
[debug] [2025-06-02T22:56:21.589Z] [tasks] Cloud Tasks Emulator only supports listening on one address (127.0.0.1). Not listening on ::1
[debug] [2025-06-02T22:56:21.589Z] late-assigned ports for functions and eventarc emulators {"user":{"hub":[{"address":"127.0.0.1","family":"IPv4","port":4400},{"address":"::1","family":"IPv6","port":4400}],"ui":[{"address":"127.0.0.1","family":"IPv4","port":4000},{"address":"::1","family":"IPv6","port":4000}],"logging":[{"address":"127.0.0.1","family":"IPv4","port":4500}],"functions":[{"address":"127.0.0.1","family":"IPv4","port":5001}],"eventarc":[{"address":"127.0.0.1","family":"IPv4","port":9299}],"tasks":[{"address":"127.0.0.1","family":"IPv4","port":9499}]},"metadata":{"message":"late-assigned ports for functions and eventarc emulators"}}
[warn] !  functions: The following emulators are not running, calls to these services from the Functions emulator will affect production: apphosting, auth, firestore, database, hosting, pubsub, storage, dataconnect {"metadata":{"emulator":{"name":"functions"},"message":"The following emulators are not running, calls to these services from the Functions emulator will affect production: \u001b[1mapphosting, auth, firestore, database, hosting, pubsub, storage, dataconnect\u001b[22m"}}
[debug] [2025-06-02T22:56:21.626Z] defaultcredentials: writing to file C:\Users\chera\AppData\Roaming\firebase\cherrefera_gmail_com_application_default_credentials.json
[debug] [2025-06-02T22:56:21.629Z] Setting GAC to C:\Users\chera\AppData\Roaming\firebase\cherrefera_gmail_com_application_default_credentials.json {"metadata":{"emulator":{"name":"functions"},"message":"Setting GAC to C:\\Users\\chera\\AppData\\Roaming\\firebase\\cherrefera_gmail_com_application_default_credentials.json"}}
[debug] [2025-06-02T22:56:21.630Z] Checked if tokens are valid: false, expires at: 1748893572463
[debug] [2025-06-02T22:56:21.630Z] Checked if tokens are valid: false, expires at: 1748893572463
[debug] [2025-06-02T22:56:21.631Z] > refreshing access token with scopes: []
[debug] [2025-06-02T22:56:21.634Z] >>> [apiv2][query] POST https://www.googleapis.com/oauth2/v3/token [none]
[debug] [2025-06-02T22:56:21.634Z] >>> [apiv2][body] POST https://www.googleapis.com/oauth2/v3/token [omitted]
[debug] [2025-06-02T22:56:22.281Z] <<< [apiv2][status] POST https://www.googleapis.com/oauth2/v3/token 200
[debug] [2025-06-02T22:56:22.281Z] <<< [apiv2][body] POST https://www.googleapis.com/oauth2/v3/token [omitted]
[debug] [2025-06-02T22:56:22.292Z] >>> [apiv2][query] GET https://firebase.googleapis.com/v1beta1/projects/clone-1dfe7/adminSdkConfig [none]
[debug] [2025-06-02T22:56:23.108Z] <<< [apiv2][status] GET https://firebase.googleapis.com/v1beta1/projects/clone-1dfe7/adminSdkConfig 200
[debug] [2025-06-02T22:56:23.108Z] <<< [apiv2][body] GET https://firebase.googleapis.com/v1beta1/projects/clone-1dfe7/adminSdkConfig {"projectId":"clone-1dfe7","storageBucket":"clone-1dfe7.firebasestorage.app"}
[info] i  functions: Watching "C:\Users\chera\OneDrive\Desktop\Full stack developer\Evangadi Dec05 2024\AmazonClone\Amazon-Website-Clone\functions" for Cloud Functions... {"metadata":{"emulator":{"name":"functions"},"message":"Watching \"C:\\Users\\chera\\OneDrive\\Desktop\\Full stack developer\\Evangadi Dec05 2024\\AmazonClone\\Amazon-Website-Clone\\functions\" for Cloud Functions..."}}
[debug] [2025-06-02T22:56:23.142Z] Validating nodejs source
[debug] [2025-06-02T22:56:25.065Z] > [functions] package.json contents: {
  "name": "functions",
  "description": "Cloud Functions for Firebase",
  "scripts": {
    "serve": "firebase emulators:start --only functions",
    "shell": "firebase functions:shell",
    "start": "npm run shell",
    "deploy": "firebase deploy --only functions",
    "logs": "firebase functions:log"
  },
  "engines": {
    "node": "22"
  },
  "main": "index.js",
  "dependencies": {
    "cors": "^2.8.5",
    "dotenv": "^16.5.0",
    "express": "^5.1.0",
    "firebase-admin": "^12.6.0",
    "firebase-functions": "^6.0.1",
    "stripe": "^18.2.0"
  },
  "devDependencies": {
    "firebase-functions-test": "^3.1.0"
  },
  "private": true
}
[debug] [2025-06-02T22:56:25.066Z] Building nodejs source
[debug] [2025-06-02T22:56:25.066Z] Failed to find version of module node: reached end of search path C:\Users\chera\OneDrive\Desktop\Full stack developer\Evangadi Dec05 2024\AmazonClone\Amazon-Website-Clone\functions\node_modules
[info] +  functions: Using node@22 from host. 
[info] i  functions: Loaded environment variables from .env. 
[debug] [2025-06-02T22:56:25.072Z] Could not find functions.yaml. Must use http discovery
[debug] [2025-06-02T22:56:25.089Z] Found firebase-functions binary at 'C:\Users\chera\OneDrive\Desktop\Full stack developer\Evangadi Dec05 2024\AmazonClone\Amazon-Website-Clone\functions\node_modules\.bin\firebase-functions'
[info] Serving at port 8368

[debug] [2025-06-02T22:56:26.191Z] Got response from /__/functions.yaml {"endpoints":{"api":{"availableMemoryMb":null,"timeoutSeconds":null,"minInstances":null,"maxInstances":null,"ingressSettings":null,"concurrency":null,"serviceAccountEmail":null,"vpc":null,"platform":"gcfv2","labels":{},"httpsTrigger":{},"entryPoint":"api"}},"specVersion":"v1alpha1","requiredAPIs":[],"extensions":{}}
[info] +  functions: Loaded functions definitions from source: api. {"metadata":{"emulator":{"name":"functions"},"message":"Loaded functions definitions from source: api."}}
[info] +  functions[us-central1-api]: http function initialized (http://127.0.0.1:5001/clone-1dfe7/us-central1/api). {"metadata":{"emulator":{"name":"functions"},"message":"\u001b[1mhttp\u001b[22m function initialized (http://127.0.0.1:5001/clone-1dfe7/us-central1/api)."}}
[debug] [2025-06-02T22:56:30.235Z] Could not find VSCode notification endpoint: FetchError: request to http://localhost:40001/vscode/notify failed, reason: . If you are not running the Firebase Data Connect VSCode extension, this is expected and not an issue.
[info] 
┌─────────────────────────────────────────────────────────────┐
│ ✔  All emulators ready! It is now safe to connect your app. │
│ i  View Emulator UI at http://127.0.0.1:4000/               │
└─────────────────────────────────────────────────────────────┘

┌───────────┬────────────────┬─────────────────────────────────┐
│ Emulator  │ Host:Port      │ View in Emulator UI             │
├───────────┼────────────────┼─────────────────────────────────┤
│ Functions │ 127.0.0.1:5001 │ http://127.0.0.1:4000/functions │
└───────────┴────────────────┴─────────────────────────────────┘
  Emulator Hub host: 127.0.0.1 port: 4400
  Other reserved ports: 4500

Issues? Report them at https://github.com/firebase/firebase-tools/issues and attach the *-debug.log files.
 
[debug] [2025-06-02T23:13:33.117Z] [work-queue] {"queuedWork":["/clone-1dfe7/us-central1/api/payment/create-2025-06-02T23:13:33.107Z"],"queueLength":1,"runningWork":[],"workRunningCount":0}
[debug] [2025-06-02T23:13:33.133Z] [work-queue] {"queuedWork":[],"queueLength":0,"runningWork":["/clone-1dfe7/us-central1/api/payment/create-2025-06-02T23:13:33.107Z"],"workRunningCount":1}
[debug] [2025-06-02T23:13:33.138Z] Accepted request POST /clone-1dfe7/us-central1/api/payment/create?total=1599 --> us-central1-api
[debug] [2025-06-02T23:13:33.188Z] [functions] Runtime ready! Sending request! {"metadata":{"emulator":{"name":"functions"},"message":"[functions] Runtime ready! Sending request!"}}
[debug] [2025-06-02T23:13:33.191Z] [functions] Got req.url=/clone-1dfe7/us-central1/api/payment/create?total=1599, mapping to path=/payment/create?total=1599 {"metadata":{"emulator":{"name":"functions"},"message":"[functions] Got req.url=/clone-1dfe7/us-central1/api/payment/create?total=1599, mapping to path=/payment/create?total=1599"}}
[info] i  functions: Loaded environment variables from .env. 
[debug] [2025-06-02T23:13:33.255Z] [worker-pool] addWorker(us-central1-api) {"metadata":{"emulator":{"name":"functions"},"message":"[worker-pool] addWorker(us-central1-api)"}}
[debug] [2025-06-02T23:13:33.260Z] [worker-pool] Adding worker with key us-central1-api, total=1 {"metadata":{"emulator":{"name":"functions"},"message":"[worker-pool] Adding worker with key us-central1-api, total=1"}}
[debug] [2025-06-02T23:13:35.826Z] [runtime-status] [9860] Resolved module firebase-admin {"declared":true,"installed":true,"version":"12.7.0","resolution":"C:\\Users\\chera\\OneDrive\\Desktop\\Full stack developer\\Evangadi Dec05 2024\\AmazonClone\\Amazon-Website-Clone\\functions\\node_modules\\firebase-admin\\lib\\index.js"} {"metadata":{"emulator":{"name":"functions"},"function":{"name":"us-central1-api"},"extension":{},"message":"[runtime-status] [9860] Resolved module firebase-admin {\"declared\":true,\"installed\":true,\"version\":\"12.7.0\",\"resolution\":\"C:\\\\Users\\\\chera\\\\OneDrive\\\\Desktop\\\\Full stack developer\\\\Evangadi Dec05 2024\\\\AmazonClone\\\\Amazon-Website-Clone\\\\functions\\\\node_modules\\\\firebase-admin\\\\lib\\\\index.js\"}"}}
[debug] [2025-06-02T23:13:35.834Z] [runtime-status] [9860] Resolved module firebase-functions {"declared":true,"installed":true,"version":"6.3.2","resolution":"C:\\Users\\chera\\OneDrive\\Desktop\\Full stack developer\\Evangadi Dec05 2024\\AmazonClone\\Amazon-Website-Clone\\functions\\node_modules\\firebase-functions\\lib\\v2\\index.js"} {"metadata":{"emulator":{"name":"functions"},"function":{"name":"us-central1-api"},"extension":{},"message":"[runtime-status] [9860] Resolved module firebase-functions {\"declared\":true,\"installed\":true,\"version\":\"6.3.2\",\"resolution\":\"C:\\\\Users\\\\chera\\\\OneDrive\\\\Desktop\\\\Full stack developer\\\\Evangadi Dec05 2024\\\\AmazonClone\\\\Amazon-Website-Clone\\\\functions\\\\node_modules\\\\firebase-functions\\\\lib\\\\v2\\\\index.js\"}"}}
[debug] [2025-06-02T23:13:35.836Z] [runtime-status] [9860] Outgoing network have been stubbed. [{"name":"http","status":"mocked"},{"name":"http","status":"mocked"},{"name":"https","status":"mocked"},{"name":"https","status":"mocked"},{"name":"net","status":"mocked"}] {"metadata":{"emulator":{"name":"functions"},"function":{"name":"us-central1-api"},"extension":{},"message":"[runtime-status] [9860] Outgoing network have been stubbed. [{\"name\":\"http\",\"status\":\"mocked\"},{\"name\":\"http\",\"status\":\"mocked\"},{\"name\":\"https\",\"status\":\"mocked\"},{\"name\":\"https\",\"status\":\"mocked\"},{\"name\":\"net\",\"status\":\"mocked\"}]"}}
[debug] [2025-06-02T23:13:35.836Z] [runtime-status] [9860] Resolved module firebase-functions {"declared":true,"installed":true,"version":"6.3.2","resolution":"C:\\Users\\chera\\OneDrive\\Desktop\\Full stack developer\\Evangadi Dec05 2024\\AmazonClone\\Amazon-Website-Clone\\functions\\node_modules\\firebase-functions\\lib\\v2\\index.js"} {"metadata":{"emulator":{"name":"functions"},"function":{"name":"us-central1-api"},"extension":{},"message":"[runtime-status] [9860] Resolved module firebase-functions {\"declared\":true,\"installed\":true,\"version\":\"6.3.2\",\"resolution\":\"C:\\\\Users\\\\chera\\\\OneDrive\\\\Desktop\\\\Full stack developer\\\\Evangadi Dec05 2024\\\\AmazonClone\\\\Amazon-Website-Clone\\\\functions\\\\node_modules\\\\firebase-functions\\\\lib\\\\v2\\\\index.js\"}"}}
[debug] [2025-06-02T23:13:36.860Z] [runtime-status] [9860] Checked functions.config() {"config":{}} {"metadata":{"emulator":{"name":"functions"},"function":{"name":"us-central1-api"},"extension":{},"message":"[runtime-status] [9860] Checked functions.config() {\"config\":{}}"}}
[debug] [2025-06-02T23:13:36.861Z] [runtime-status] [9860] firebase-functions has been stubbed. {"functionsResolution":{"declared":true,"installed":true,"version":"6.3.2","resolution":"C:\\Users\\chera\\OneDrive\\Desktop\\Full stack developer\\Evangadi Dec05 2024\\AmazonClone\\Amazon-Website-Clone\\functions\\node_modules\\firebase-functions\\lib\\v2\\index.js"}} {"metadata":{"emulator":{"name":"functions"},"function":{"name":"us-central1-api"},"extension":{},"message":"[runtime-status] [9860] firebase-functions has been stubbed. {\"functionsResolution\":{\"declared\":true,\"installed\":true,\"version\":\"6.3.2\",\"resolution\":\"C:\\\\Users\\\\chera\\\\OneDrive\\\\Desktop\\\\Full stack developer\\\\Evangadi Dec05 2024\\\\AmazonClone\\\\Amazon-Website-Clone\\\\functions\\\\node_modules\\\\firebase-functions\\\\lib\\\\v2\\\\index.js\"}}"}}
[debug] [2025-06-02T23:13:36.864Z] [runtime-status] [9860] Resolved module firebase-functions {"declared":true,"installed":true,"version":"6.3.2","resolution":"C:\\Users\\chera\\OneDrive\\Desktop\\Full stack developer\\Evangadi Dec05 2024\\AmazonClone\\Amazon-Website-Clone\\functions\\node_modules\\firebase-functions\\lib\\v2\\index.js"} {"metadata":{"emulator":{"name":"functions"},"function":{"name":"us-central1-api"},"extension":{},"message":"[runtime-status] [9860] Resolved module firebase-functions {\"declared\":true,\"installed\":true,\"version\":\"6.3.2\",\"resolution\":\"C:\\\\Users\\\\chera\\\\OneDrive\\\\Desktop\\\\Full stack developer\\\\Evangadi Dec05 2024\\\\AmazonClone\\\\Amazon-Website-Clone\\\\functions\\\\node_modules\\\\firebase-functions\\\\lib\\\\v2\\\\index.js\"}"}}
[debug] [2025-06-02T23:13:36.882Z] [runtime-status] [9860] Resolved module firebase-admin {"declared":true,"installed":true,"version":"12.7.0","resolution":"C:\\Users\\chera\\OneDrive\\Desktop\\Full stack developer\\Evangadi Dec05 2024\\AmazonClone\\Amazon-Website-Clone\\functions\\node_modules\\firebase-admin\\lib\\index.js"} {"metadata":{"emulator":{"name":"functions"},"function":{"name":"us-central1-api"},"extension":{},"message":"[runtime-status] [9860] Resolved module firebase-admin {\"declared\":true,\"installed\":true,\"version\":\"12.7.0\",\"resolution\":\"C:\\\\Users\\\\chera\\\\OneDrive\\\\Desktop\\\\Full stack developer\\\\Evangadi Dec05 2024\\\\AmazonClone\\\\Amazon-Website-Clone\\\\functions\\\\node_modules\\\\firebase-admin\\\\lib\\\\index.js\"}"}}
[debug] [2025-06-02T23:13:36.887Z] [runtime-status] [9860] Resolved module firebase-functions {"declared":true,"installed":true,"version":"6.3.2","resolution":"C:\\Users\\chera\\OneDrive\\Desktop\\Full stack developer\\Evangadi Dec05 2024\\AmazonClone\\Amazon-Website-Clone\\functions\\node_modules\\firebase-functions\\lib\\v2\\index.js"} {"metadata":{"emulator":{"name":"functions"},"function":{"name":"us-central1-api"},"extension":{},"message":"[runtime-status] [9860] Resolved module firebase-functions {\"declared\":true,\"installed\":true,\"version\":\"6.3.2\",\"resolution\":\"C:\\\\Users\\\\chera\\\\OneDrive\\\\Desktop\\\\Full stack developer\\\\Evangadi Dec05 2024\\\\AmazonClone\\\\Amazon-Website-Clone\\\\functions\\\\node_modules\\\\firebase-functions\\\\lib\\\\v2\\\\index.js\"}"}}
[debug] [2025-06-02T23:13:36.888Z] [runtime-status] [9860] firebase-admin has been stubbed. {"adminResolution":{"declared":true,"installed":true,"version":"12.7.0","resolution":"C:\\Users\\chera\\OneDrive\\Desktop\\Full stack developer\\Evangadi Dec05 2024\\AmazonClone\\Amazon-Website-Clone\\functions\\node_modules\\firebase-admin\\lib\\index.js"}} {"metadata":{"emulator":{"name":"functions"},"function":{"name":"us-central1-api"},"extension":{},"message":"[runtime-status] [9860] firebase-admin has been stubbed. {\"adminResolution\":{\"declared\":true,\"installed\":true,\"version\":\"12.7.0\",\"resolution\":\"C:\\\\Users\\\\chera\\\\OneDrive\\\\Desktop\\\\Full stack developer\\\\Evangadi Dec05 2024\\\\AmazonClone\\\\Amazon-Website-Clone\\\\functions\\\\node_modules\\\\firebase-admin\\\\lib\\\\index.js\"}}"}}
[debug] [2025-06-02T23:13:37.761Z] [runtime-status] [9860] Functions runtime initialized. {"cwd":"C:\\Users\\chera\\OneDrive\\Desktop\\Full stack developer\\Evangadi Dec05 2024\\AmazonClone\\Amazon-Website-Clone\\functions","node_version":"22.14.0"} {"metadata":{"emulator":{"name":"functions"},"function":{"name":"us-central1-api"},"extension":{},"message":"[runtime-status] [9860] Functions runtime initialized. {\"cwd\":\"C:\\\\Users\\\\chera\\\\OneDrive\\\\Desktop\\\\Full stack developer\\\\Evangadi Dec05 2024\\\\AmazonClone\\\\Amazon-Website-Clone\\\\functions\",\"node_version\":\"22.14.0\"}"}}
[debug] [2025-06-02T23:13:37.762Z] [runtime-status] [9860] Listening to port: \\?\pipe\fire_emu_510c5d9abfce201b {"metadata":{"emulator":{"name":"functions"},"function":{"name":"us-central1-api"},"extension":{},"message":"[runtime-status] [9860] Listening to port: \\\\?\\pipe\\fire_emu_510c5d9abfce201b"}}
[debug] [2025-06-02T23:13:37.874Z] [worker-us-central1-api-9220b953-1a27-472e-b0c9-809108925594]: IDLE {"metadata":{"emulator":{"name":"functions"},"function":{"name":"us-central1-api"},"extension":{},"message":"[worker-us-central1-api-9220b953-1a27-472e-b0c9-809108925594]: IDLE"}}
[debug] [2025-06-02T23:13:37.874Z] [worker-pool] submitRequest(triggerId=us-central1-api) {"metadata":{"emulator":{"name":"functions"},"message":"[worker-pool] submitRequest(triggerId=us-central1-api)"}}
[info] i  functions: Beginning execution of "us-central1-api" {"metadata":{"emulator":{"name":"functions"},"function":{"name":"us-central1-api"},"extension":{},"message":"Beginning execution of \"us-central1-api\""}}
[debug] [2025-06-02T23:13:37.876Z] [worker-us-central1-api-9220b953-1a27-472e-b0c9-809108925594]: BUSY {"metadata":{"emulator":{"name":"functions"},"function":{"name":"us-central1-api"},"extension":{},"message":"[worker-us-central1-api-9220b953-1a27-472e-b0c9-809108925594]: BUSY"}}
[debug] [2025-06-02T23:13:39.899Z] Finishing up request with event=pause {"metadata":{"emulator":{"name":"functions"},"function":{"name":"us-central1-api"},"extension":{},"message":"Finishing up request with event=pause"}}
[info] i  functions: Finished "us-central1-api" in 2023.5566ms {"metadata":{"emulator":{"name":"functions"},"function":{"name":"us-central1-api"},"extension":{},"message":"Finished \"us-central1-api\" in 2023.5566ms"}}
[debug] [2025-06-02T23:13:39.902Z] [worker-us-central1-api-9220b953-1a27-472e-b0c9-809108925594]: IDLE {"metadata":{"emulator":{"name":"functions"},"function":{"name":"us-central1-api"},"extension":{},"message":"[worker-us-central1-api-9220b953-1a27-472e-b0c9-809108925594]: IDLE"}}
[debug] [2025-06-02T23:13:39.902Z] Finishing up request with event=finish {"metadata":{"emulator":{"name":"functions"},"function":{"name":"us-central1-api"},"extension":{},"message":"Finishing up request with event=finish"}}
[debug] [2025-06-02T23:13:39.902Z] Finishing up request with event=close {"metadata":{"emulator":{"name":"functions"},"function":{"name":"us-central1-api"},"extension":{},"message":"Finishing up request with event=close"}}
[debug] [2025-06-02T23:13:39.902Z] [work-queue] {"queuedWork":[],"queueLength":0,"runningWork":[],"workRunningCount":0}
[info] >  Stripe PaymentIntent: { {"user":"Stripe PaymentIntent: {","metadata":{"emulator":{"name":"functions"},"function":{"name":"us-central1-api"},"extension":{},"message":"\u001b[90m> \u001b[39m Stripe PaymentIntent: {"}}
[info] >    id: 'pi_3RVhY0B3pY27k9hc0cvTRRtc', {"user":"  id: 'pi_3RVhY0B3pY27k9hc0cvTRRtc',","metadata":{"emulator":{"name":"functions"},"function":{"name":"us-central1-api"},"extension":{},"message":"\u001b[90m> \u001b[39m   id: 'pi_3RVhY0B3pY27k9hc0cvTRRtc',"}}
[info] >    object: 'payment_intent', {"user":"  object: 'payment_intent',","metadata":{"emulator":{"name":"functions"},"function":{"name":"us-central1-api"},"extension":{},"message":"\u001b[90m> \u001b[39m   object: 'payment_intent',"}}
[info] >    amount: 1599, {"user":"  amount: 1599,","metadata":{"emulator":{"name":"functions"},"function":{"name":"us-central1-api"},"extension":{},"message":"\u001b[90m> \u001b[39m   amount: 1599,"}}
[info] >    amount_capturable: 0, {"user":"  amount_capturable: 0,","metadata":{"emulator":{"name":"functions"},"function":{"name":"us-central1-api"},"extension":{},"message":"\u001b[90m> \u001b[39m   amount_capturable: 0,"}}
[info] >    amount_details: { tip: {} }, {"user":"  amount_details: { tip: {} },","metadata":{"emulator":{"name":"functions"},"function":{"name":"us-central1-api"},"extension":{},"message":"\u001b[90m> \u001b[39m   amount_details: { tip: {} },"}}
[info] >    amount_received: 0, {"user":"  amount_received: 0,","metadata":{"emulator":{"name":"functions"},"function":{"name":"us-central1-api"},"extension":{},"message":"\u001b[90m> \u001b[39m   amount_received: 0,"}}
[info] >    application: null, {"user":"  application: null,","metadata":{"emulator":{"name":"functions"},"function":{"name":"us-central1-api"},"extension":{},"message":"\u001b[90m> \u001b[39m   application: null,"}}
[info] >    application_fee_amount: null, {"user":"  application_fee_amount: null,","metadata":{"emulator":{"name":"functions"},"function":{"name":"us-central1-api"},"extension":{},"message":"\u001b[90m> \u001b[39m   application_fee_amount: null,"}}
[info] >    automatic_payment_methods: { allow_redirects: 'always', enabled: true }, {"user":"  automatic_payment_methods: { allow_redirects: 'always', enabled: true },","metadata":{"emulator":{"name":"functions"},"function":{"name":"us-central1-api"},"extension":{},"message":"\u001b[90m> \u001b[39m   automatic_payment_methods: { allow_redirects: 'always', enabled: true },"}}
[info] >    canceled_at: null, {"user":"  canceled_at: null,","metadata":{"emulator":{"name":"functions"},"function":{"name":"us-central1-api"},"extension":{},"message":"\u001b[90m> \u001b[39m   canceled_at: null,"}}
[info] >    cancellation_reason: null, {"user":"  cancellation_reason: null,","metadata":{"emulator":{"name":"functions"},"function":{"name":"us-central1-api"},"extension":{},"message":"\u001b[90m> \u001b[39m   cancellation_reason: null,"}}
[info] >    capture_method: 'automatic_async', {"user":"  capture_method: 'automatic_async',","metadata":{"emulator":{"name":"functions"},"function":{"name":"us-central1-api"},"extension":{},"message":"\u001b[90m> \u001b[39m   capture_method: 'automatic_async',"}}
[info] >    client_secret: 'pi_3RVhY0B3pY27k9hc0cvTRRtc_secret_v4KjKcH8JeyhyFuSmDN55CQVT', {"user":"  client_secret: 'pi_3RVhY0B3pY27k9hc0cvTRRtc_secret_v4KjKcH8JeyhyFuSmDN55CQVT',","metadata":{"emulator":{"name":"functions"},"function":{"name":"us-central1-api"},"extension":{},"message":"\u001b[90m> \u001b[39m   client_secret: 'pi_3RVhY0B3pY27k9hc0cvTRRtc_secret_v4KjKcH8JeyhyFuSmDN55CQVT',"}}
[info] >    confirmation_method: 'automatic', {"user":"  confirmation_method: 'automatic',","metadata":{"emulator":{"name":"functions"},"function":{"name":"us-central1-api"},"extension":{},"message":"\u001b[90m> \u001b[39m   confirmation_method: 'automatic',"}}
[info] >    created: 1748906020, {"user":"  created: 1748906020,","metadata":{"emulator":{"name":"functions"},"function":{"name":"us-central1-api"},"extension":{},"message":"\u001b[90m> \u001b[39m   created: 1748906020,"}}
[info] >    currency: 'usd', {"user":"  currency: 'usd',","metadata":{"emulator":{"name":"functions"},"function":{"name":"us-central1-api"},"extension":{},"message":"\u001b[90m> \u001b[39m   currency: 'usd',"}}
[info] >    customer: null, {"user":"  customer: null,","metadata":{"emulator":{"name":"functions"},"function":{"name":"us-central1-api"},"extension":{},"message":"\u001b[90m> \u001b[39m   customer: null,"}}
[info] >    description: null, {"user":"  description: null,","metadata":{"emulator":{"name":"functions"},"function":{"name":"us-central1-api"},"extension":{},"message":"\u001b[90m> \u001b[39m   description: null,"}}
[info] >    last_payment_error: null, {"user":"  last_payment_error: null,","metadata":{"emulator":{"name":"functions"},"function":{"name":"us-central1-api"},"extension":{},"message":"\u001b[90m> \u001b[39m   last_payment_error: null,"}}
[info] >    latest_charge: null, {"user":"  latest_charge: null,","metadata":{"emulator":{"name":"functions"},"function":{"name":"us-central1-api"},"extension":{},"message":"\u001b[90m> \u001b[39m   latest_charge: null,"}}
[info] >    livemode: false, {"user":"  livemode: false,","metadata":{"emulator":{"name":"functions"},"function":{"name":"us-central1-api"},"extension":{},"message":"\u001b[90m> \u001b[39m   livemode: false,"}}
[info] >    metadata: {}, {"user":"  metadata: {},","metadata":{"emulator":{"name":"functions"},"function":{"name":"us-central1-api"},"extension":{},"message":"\u001b[90m> \u001b[39m   metadata: {},"}}
[info] >    next_action: null, {"user":"  next_action: null,","metadata":{"emulator":{"name":"functions"},"function":{"name":"us-central1-api"},"extension":{},"message":"\u001b[90m> \u001b[39m   next_action: null,"}}
[info] >    on_behalf_of: null, {"user":"  on_behalf_of: null,","metadata":{"emulator":{"name":"functions"},"function":{"name":"us-central1-api"},"extension":{},"message":"\u001b[90m> \u001b[39m   on_behalf_of: null,"}}
[info] >    payment_method: null, {"user":"  payment_method: null,","metadata":{"emulator":{"name":"functions"},"function":{"name":"us-central1-api"},"extension":{},"message":"\u001b[90m> \u001b[39m   payment_method: null,"}}
[info] >    payment_method_configuration_details: { id: 'pmc_1RUJEYB3pY27k9hcFUahoxk6', parent: null }, {"user":"  payment_method_configuration_details: { id: 'pmc_1RUJEYB3pY27k9hcFUahoxk6', parent: null },","metadata":{"emulator":{"name":"functions"},"function":{"name":"us-central1-api"},"extension":{},"message":"\u001b[90m> \u001b[39m   payment_method_configuration_details: { id: 'pmc_1RUJEYB3pY27k9hcFUahoxk6', parent: null },"}}
[info] >    payment_method_options: { {"user":"  payment_method_options: {","metadata":{"emulator":{"name":"functions"},"function":{"name":"us-central1-api"},"extension":{},"message":"\u001b[90m> \u001b[39m   payment_method_options: {"}}
[info] >      amazon_pay: { express_checkout_element_session_id: null }, {"user":"    amazon_pay: { express_checkout_element_session_id: null },","metadata":{"emulator":{"name":"functions"},"function":{"name":"us-central1-api"},"extension":{},"message":"\u001b[90m> \u001b[39m     amazon_pay: { express_checkout_element_session_id: null },"}}
[info] >      card: { {"user":"    card: {","metadata":{"emulator":{"name":"functions"},"function":{"name":"us-central1-api"},"extension":{},"message":"\u001b[90m> \u001b[39m     card: {"}}
[info] >        installments: null, {"user":"      installments: null,","metadata":{"emulator":{"name":"functions"},"function":{"name":"us-central1-api"},"extension":{},"message":"\u001b[90m> \u001b[39m       installments: null,"}}
[info] >        mandate_options: null, {"user":"      mandate_options: null,","metadata":{"emulator":{"name":"functions"},"function":{"name":"us-central1-api"},"extension":{},"message":"\u001b[90m> \u001b[39m       mandate_options: null,"}}
[info] >        network: null, {"user":"      network: null,","metadata":{"emulator":{"name":"functions"},"function":{"name":"us-central1-api"},"extension":{},"message":"\u001b[90m> \u001b[39m       network: null,"}}
[info] >        request_three_d_secure: 'automatic' {"user":"      request_three_d_secure: 'automatic'","metadata":{"emulator":{"name":"functions"},"function":{"name":"us-central1-api"},"extension":{},"message":"\u001b[90m> \u001b[39m       request_three_d_secure: 'automatic'"}}
[info] >      }, {"user":"    },","metadata":{"emulator":{"name":"functions"},"function":{"name":"us-central1-api"},"extension":{},"message":"\u001b[90m> \u001b[39m     },"}}
[info] >      cashapp: {}, {"user":"    cashapp: {},","metadata":{"emulator":{"name":"functions"},"function":{"name":"us-central1-api"},"extension":{},"message":"\u001b[90m> \u001b[39m     cashapp: {},"}}
[info] >      klarna: { preferred_locale: null }, {"user":"    klarna: { preferred_locale: null },","metadata":{"emulator":{"name":"functions"},"function":{"name":"us-central1-api"},"extension":{},"message":"\u001b[90m> \u001b[39m     klarna: { preferred_locale: null },"}}
[info] >      link: { persistent_token: null } {"user":"    link: { persistent_token: null }","metadata":{"emulator":{"name":"functions"},"function":{"name":"us-central1-api"},"extension":{},"message":"\u001b[90m> \u001b[39m     link: { persistent_token: null }"}}
[info] >    }, {"user":"  },","metadata":{"emulator":{"name":"functions"},"function":{"name":"us-central1-api"},"extension":{},"message":"\u001b[90m> \u001b[39m   },"}}
[info] >    payment_method_types: [ 'card', 'klarna', 'link', 'cashapp', 'amazon_pay' ], {"user":"  payment_method_types: [ 'card', 'klarna', 'link', 'cashapp', 'amazon_pay' ],","metadata":{"emulator":{"name":"functions"},"function":{"name":"us-central1-api"},"extension":{},"message":"\u001b[90m> \u001b[39m   payment_method_types: [ 'card', 'klarna', 'link', 'cashapp', 'amazon_pay' ],"}}
[info] >    processing: null, {"user":"  processing: null,","metadata":{"emulator":{"name":"functions"},"function":{"name":"us-central1-api"},"extension":{},"message":"\u001b[90m> \u001b[39m   processing: null,"}}
[info] >    receipt_email: null, {"user":"  receipt_email: null,","metadata":{"emulator":{"name":"functions"},"function":{"name":"us-central1-api"},"extension":{},"message":"\u001b[90m> \u001b[39m   receipt_email: null,"}}
[info] >    review: null, {"user":"  review: null,","metadata":{"emulator":{"name":"functions"},"function":{"name":"us-central1-api"},"extension":{},"message":"\u001b[90m> \u001b[39m   review: null,"}}
[info] >    setup_future_usage: null, {"user":"  setup_future_usage: null,","metadata":{"emulator":{"name":"functions"},"function":{"name":"us-central1-api"},"extension":{},"message":"\u001b[90m> \u001b[39m   setup_future_usage: null,"}}
[info] >    shipping: null, {"user":"  shipping: null,","metadata":{"emulator":{"name":"functions"},"function":{"name":"us-central1-api"},"extension":{},"message":"\u001b[90m> \u001b[39m   shipping: null,"}}
[info] >    source: null, {"user":"  source: null,","metadata":{"emulator":{"name":"functions"},"function":{"name":"us-central1-api"},"extension":{},"message":"\u001b[90m> \u001b[39m   source: null,"}}
[info] >    statement_descriptor: null, {"user":"  statement_descriptor: null,","metadata":{"emulator":{"name":"functions"},"function":{"name":"us-central1-api"},"extension":{},"message":"\u001b[90m> \u001b[39m   statement_descriptor: null,"}}
[info] >    statement_descriptor_suffix: null, {"user":"  statement_descriptor_suffix: null,","metadata":{"emulator":{"name":"functions"},"function":{"name":"us-central1-api"},"extension":{},"message":"\u001b[90m> \u001b[39m   statement_descriptor_suffix: null,"}}
[info] >    status: 'requires_payment_method', {"user":"  status: 'requires_payment_method',","metadata":{"emulator":{"name":"functions"},"function":{"name":"us-central1-api"},"extension":{},"message":"\u001b[90m> \u001b[39m   status: 'requires_payment_method',"}}
[info] >    transfer_data: null, {"user":"  transfer_data: null,","metadata":{"emulator":{"name":"functions"},"function":{"name":"us-central1-api"},"extension":{},"message":"\u001b[90m> \u001b[39m   transfer_data: null,"}}
[info] >    transfer_group: null {"user":"  transfer_group: null","metadata":{"emulator":{"name":"functions"},"function":{"name":"us-central1-api"},"extension":{},"message":"\u001b[90m> \u001b[39m   transfer_group: null"}}
[info] >  } {"user":"}","metadata":{"emulator":{"name":"functions"},"function":{"name":"us-central1-api"},"extension":{},"message":"\u001b[90m> \u001b[39m }"}}
